0 verbose cli D:\nodejs\node.exe D:\nodejs\node_modules\npm\bin\npm-cli.js
1 info using npm@10.8.2
2 info using node@v20.20.2
3 silly config load:file:D:\nodejs\node_modules\npm\npmrc
4 silly config load:file:D:\Obsidiannote\EvoRLoRA\.npmrc
5 silly config load:file:C:\Users\yuche\.npmrc
6 silly config load:file:D:\nodejs\node_global\etc\npmrc
7 verbose title npm exec skills update
8 verbose argv "exec" "--" "skills" "update"
9 verbose logfile logs-max:10 dir:D:\Obsidiannote\EvoRLoRA\.npm-cache\_logs\2026-04-05T07_22_35_584Z-
10 verbose logfile D:\Obsidiannote\EvoRLoRA\.npm-cache\_logs\2026-04-05T07_22_35_584Z-debug-0.log
11 silly logfile done cleaning log files
12 silly packumentCache heap:4345298944 maxSize:1086324736 maxEntrySize:543162368
13 http fetch GET 200 https://registry.npmmirror.com/skills 760ms (cache miss)
14 silly packumentCache heap:4345298944 maxSize:1086324736 maxEntrySize:543162368
15 silly packumentCache heap:4345298944 maxSize:1086324736 maxEntrySize:543162368
16 warn exec The following package was not found and will be installed: skills@1.4.8
17 silly idealTree buildDeps
18 silly fetch manifest skills@1.4.8
19 silly packumentCache full:https://registry.npmmirror.com/skills cache-miss
20 http fetch GET 200 https://registry.npmmirror.com/npm 1233ms
21 http fetch GET 200 https://registry.npmmirror.com/skills 554ms (cache miss)
22 silly packumentCache full:https://registry.npmmirror.com/skills set size:31189 disposed:false
23 silly placeDep ROOT skills@1.4.8 OK for:  want: 1.4.8
24 silly fetch manifest yaml@^2.8.3
25 silly packumentCache full:https://registry.npmmirror.com/yaml cache-miss
26 http fetch GET 200 https://registry.npmmirror.com/yaml 257ms (cache miss)
27 silly packumentCache full:https://registry.npmmirror.com/yaml set size:56159 disposed:false
28 silly placeDep ROOT yaml@2.8.3 OK for: skills@1.4.8 want: ^2.8.3
29 silly reify moves {}
30 silly audit bulk request { skills: [ '1.4.8' ], yaml: [ '2.8.3' ] }
31 silly tarball no local data for yaml@https://registry.npmmirror.com/yaml/-/yaml-2.8.3.tgz. Extracting by manifest.
32 silly tarball no local data for skills@https://registry.npmmirror.com/skills/-/skills-1.4.8.tgz. Extracting by manifest.
33 http fetch POST 404 https://registry.npmmirror.com/-/npm/v1/security/advisories/bulk 139ms
34 silly audit bulk request failed [object Object]
35 http fetch POST 404 https://registry.npmmirror.com/-/npm/v1/security/audits/quick 149ms
36 verbose audit error HttpErrorGeneral: 404 Not Found - POST https://registry.npmmirror.com/-/npm/v1/security/audits/quick - [NOT_IMPLEMENTED] /-/npm/v1/security/* not implemented yet
36 verbose audit error     at D:\nodejs\node_modules\npm\node_modules\npm-registry-fetch\lib\check-response.js:95:15
36 verbose audit error     at process.processTicksAndRejections (node:internal/process/task_queues:95:5)
36 verbose audit error     at async [getReport] (D:\nodejs\node_modules\npm\node_modules\@npmcli\arborist\lib\audit-report.js:336:21)
36 verbose audit error     at async AuditReport.run (D:\nodejs\node_modules\npm\node_modules\@npmcli\arborist\lib\audit-report.js:106:19) {
36 verbose audit error   headers: [Object: null prototype] {
36 verbose audit error     server: [ 'Tengine' ],
36 verbose audit error     date: [ 'Sun, 05 Apr 2026 07:22:37 GMT' ],
36 verbose audit error     'content-type': [ 'application/json' ],
36 verbose audit error     'transfer-encoding': [ 'chunked' ],
36 verbose audit error     connection: [ 'keep-alive' ],
36 verbose audit error     'strict-transport-security': [ 'max-age=5184000' ],
36 verbose audit error     via: [ 'ens-cache4.sg25[,404666]' ],
36 verbose audit error     'timing-allow-origin': [ '*' ],
36 verbose audit error     eagleid: [ 'a3b5c99817753737573008072e' ],
36 verbose audit error     'x-fetch-attempts': [ '1' ]
36 verbose audit error   },
36 verbose audit error   statusCode: 404,
36 verbose audit error   code: 'E404',
36 verbose audit error   method: 'POST',
36 verbose audit error   uri: 'https://registry.npmmirror.com/-/npm/v1/security/audits/quick',
36 verbose audit error   body: {
36 verbose audit error     error: '[NOT_IMPLEMENTED] /-/npm/v1/security/* not implemented yet'
36 verbose audit error   },
36 verbose audit error   pkgid: undefined
36 verbose audit error }
37 silly audit error [object Object]
38 silly audit report null
39 http fetch GET 200 https://cdn.npmmirror.com/packages/yaml/2.8.3/yaml-2.8.3.tgz 1386ms (cache miss)
40 http fetch GET 200 https://cdn.npmmirror.com/packages/skills/1.4.8/skills-1.4.8.tgz 1886ms (cache miss)
41 verbose cwd D:\Obsidiannote\EvoRLoRA
42 verbose os Windows_NT 10.0.26100
43 verbose node v20.20.2
44 verbose npm  v10.8.2
45 notice
45 notice New major version of npm available! 10.8.2 -> 11.12.1
45 notice Changelog: https://github.com/npm/cli/releases/tag/v11.12.1
45 notice To update run: npm install -g npm@11.12.1
45 notice  { force: true, [Symbol(proc-log.meta)]: true }
46 verbose exit 0
47 info ok
